<?xml version="1.0" encoding="UTF-8"?>
<coverage generated="1619531896971" clover="4.4.1">
   <project name="gpi gpi" timestamp="1619531885591">
      <metrics coveredelements="2" complexity="2" loc="17" methods="2" classes="1" statements="2" packages="1" coveredconditionals="0" coveredmethods="1" elements="4" ncloc="11" files="1" conditionals="0" coveredstatements="1"/>
      <package name="gpi_p4">
         <metrics coveredelements="2" complexity="2" loc="17" methods="2" classes="1" statements="2" coveredconditionals="0" coveredmethods="1" elements="4" ncloc="11" files="1" conditionals="0" coveredstatements="1"/>
         <file path="/home/alumno/Escritorio/maven_proyects/gpi/src/main/java/gpi_p4/App.java" name="App.java">
            <metrics coveredelements="2" coveredconditionals="0" complexity="2" loc="17" coveredmethods="1" methods="2" elements="4" classes="1" ncloc="11" statements="2" conditionals="0" coveredstatements="1"/>
            <class name="App">
               <metrics coveredelements="2" coveredconditionals="0" complexity="2" coveredmethods="1" methods="2" elements="4" statements="2" conditionals="0" coveredstatements="1"/>
            </class>
            <line complexity="1" visibility="public" signature="main(String[]) : void" num="9" count="0" type="method"/>
            <line num="11" count="0" type="stmt"/>
            <line complexity="1" visibility="public" signature="getHelloWorld() : String" num="14" count="1" type="method"/>
            <line num="15" count="1" type="stmt"/>
         </file>
      </package>
   </project>
   <testproject name="gpi gpi" timestamp="1619531885591">
      <metrics coveredelements="6" complexity="3" loc="40" methods="3" classes="1" statements="3" packages="1" coveredconditionals="0" coveredmethods="3" elements="6" ncloc="20" files="1" conditionals="0" coveredstatements="3"/>
      <package name="gpi_p4">
         <metrics coveredelements="6" complexity="3" loc="40" methods="3" classes="1" statements="3" coveredconditionals="0" coveredmethods="3" elements="6" ncloc="20" files="1" conditionals="0" coveredstatements="3"/>
         <file path="/home/alumno/Escritorio/maven_proyects/gpi/src/test/java/gpi_p4/AppTest.java" name="AppTest.java">
            <metrics coveredelements="6" coveredconditionals="0" complexity="3" loc="40" coveredmethods="3" methods="3" elements="6" classes="1" ncloc="20" statements="3" conditionals="0" coveredstatements="3"/>
            <class name="AppTest">
               <metrics coveredelements="6" complexity="3" methods="3" testruns="1" statements="3" coveredconditionals="0" coveredmethods="3" elements="6" testfailures="0" testduration="0.007" conditionals="0" coveredstatements="3" testpasses="1"/>
            </class>
            <line complexity="1" visibility="public" signature="AppTest(String)" num="18" count="1" type="method"/>
            <line num="20" count="1" type="stmt"/>
            <line complexity="1" visibility="public" signature="suite() : Test" num="26" count="1" type="method"/>
            <line num="28" count="1" type="stmt"/>
            <line complexity="1" visibility="public" signature="testHelloWorld() : void" num="36" testsuccess="true" count="1" testduration="0.007" type="method"/>
            <line num="38" count="1" type="stmt"/>
         </file>
      </package>
   </testproject>
</coverage>